2024-08-17 12:14:54,197 ERROR Failed to retrieve https://www.sasqnet.com/members/privecy.html: 404 Client Error: Not Found for url: https://www.sasqnet.com/members/privecy.html
2024-08-17 12:14:54,908 ERROR Failed to retrieve https://www.sasqnet.com/sasqnet/index.html: 404 Client Error: Not Found for url: https://www.sasqnet.com/sasqnet/index.html
2024-08-17 12:14:55,222 ERROR Failed to retrieve https://www.sasqnet.com/info@sasqnet.com: 404 Client Error: Not Found for url: https://www.sasqnet.com/info@sasqnet.com
2024-08-17 12:14:55,548 ERROR Failed to retrieve https://www.sasqnet.com/solutions.html: 404 Client Error: Not Found for url: https://www.sasqnet.com/solutions.html
2024-08-17 12:14:56,637 ERROR Failed to retrieve https://www.sasqnet.com/members/solutions.html: 404 Client Error: Not Found for url: https://www.sasqnet.com/members/solutions.html
2024-08-17 12:14:56,955 ERROR Failed to retrieve https://www.sasqnet.com/sasqnet/contact.html: 404 Client Error: Not Found for url: https://www.sasqnet.com/sasqnet/contact.html
2024-08-17 12:14:57,263 ERROR Failed to retrieve https://www.sasqnet.com/design/portfolio_detail/assets/img/portfolio/single-project/project-1/project-1-4.jpg: 404 Client Error: Not Found for url: https://www.sasqnet.com/design/portfolio_detail/assets/img/portfolio/single-project/project-1/project-1-4.jpg
2024-08-17 12:14:59,183 ERROR Failed to retrieve https://www.sasqnet.com/sasqnet/case.html: 404 Client Error: Not Found for url: https://www.sasqnet.com/sasqnet/case.html
2024-08-17 12:15:01,244 ERROR Failed to retrieve https://www.sasqnet.com/sasqnet/terms-condition.html: 404 Client Error: Not Found for url: https://www.sasqnet.com/sasqnet/terms-condition.html
2024-08-17 12:15:02,432 ERROR Failed to retrieve https://www.sasqnet.com/case.html: 404 Client Error: Not Found for url: https://www.sasqnet.com/case.html
2024-08-17 12:15:04,030 ERROR Failed to retrieve https://www.sasqnet.com/members/terms-condition.html: 404 Client Error: Not Found for url: https://www.sasqnet.com/members/terms-condition.html
2024-08-17 12:15:05,180 ERROR Failed to retrieve https://www.sasqnet.com/members/case.html: 404 Client Error: Not Found for url: https://www.sasqnet.com/members/case.html
2024-08-17 12:15:05,483 ERROR Failed to retrieve https://www.sasqnet.com/www.sasqnet.com: 404 Client Error: Not Found for url: https://www.sasqnet.com/www.sasqnet.com
2024-08-17 12:15:05,824 ERROR Failed to retrieve https://www.sasqnet.com/sasqnet/privecy.html: 404 Client Error: Not Found for url: https://www.sasqnet.com/sasqnet/privecy.html
2024-08-17 12:15:06,137 ERROR Failed to retrieve https://www.sasqnet.com/members/contact.html: 404 Client Error: Not Found for url: https://www.sasqnet.com/members/contact.html
2024-08-17 12:15:06,455 ERROR Failed to retrieve https://www.sasqnet.com/blog.html: 404 Client Error: Not Found for url: https://www.sasqnet.com/blog.html
2024-08-17 12:15:07,167 ERROR Failed to retrieve https://www.sasqnet.com/sasqnet/solutions.html: 404 Client Error: Not Found for url: https://www.sasqnet.com/sasqnet/solutions.html
2024-08-17 12:15:07,533 ERROR Failed to retrieve https://www.sasqnet.com/design/portfolio_detail/sasqnet.com: 404 Client Error: Not Found for url: https://www.sasqnet.com/design/portfolio_detail/sasqnet.com
2024-08-17 12:15:07,852 ERROR Failed to retrieve https://www.sasqnet.com/terms-condition.html: 404 Client Error: Not Found for url: https://www.sasqnet.com/terms-condition.html
2024-08-17 12:15:08,161 ERROR Failed to retrieve https://www.sasqnet.com/design/portfolio_detail/assets/img/portfolio/single-project/project-1/project-1-2.jpg: 404 Client Error: Not Found for url: https://www.sasqnet.com/design/portfolio_detail/assets/img/portfolio/single-project/project-1/project-1-2.jpg
2024-08-17 12:15:09,313 ERROR Failed to retrieve https://www.sasqnet.com/sasqnet.com: 404 Client Error: Not Found for url: https://www.sasqnet.com/sasqnet.com
2024-08-17 12:15:09,623 ERROR Failed to retrieve https://www.sasqnet.com/index.html: 404 Client Error: Not Found for url: https://www.sasqnet.com/index.html
2024-08-17 12:15:09,943 ERROR Failed to retrieve https://www.sasqnet.com/design/portfolio_detail/assets/img/portfolio/single-project/project-1/project-1-3.jpg: 404 Client Error: Not Found for url: https://www.sasqnet.com/design/portfolio_detail/assets/img/portfolio/single-project/project-1/project-1-3.jpg
2024-08-17 12:15:10,250 ERROR Failed to retrieve https://www.sasqnet.com/sasqnet/blog.html: 404 Client Error: Not Found for url: https://www.sasqnet.com/sasqnet/blog.html
2024-08-17 12:15:11,655 ERROR Failed to retrieve https://www.sasqnet.com/sasqnet/www.sasqnet.com: 404 Client Error: Not Found for url: https://www.sasqnet.com/sasqnet/www.sasqnet.com
2024-08-17 12:15:11,972 ERROR Failed to retrieve https://www.sasqnet.com/members/index.html: 404 Client Error: Not Found for url: https://www.sasqnet.com/members/index.html
2024-08-17 12:15:12,284 ERROR Failed to retrieve https://www.sasqnet.com/members/www.sasqnet.com: 404 Client Error: Not Found for url: https://www.sasqnet.com/members/www.sasqnet.com
2024-08-17 12:15:12,623 ERROR Failed to retrieve https://www.sasqnet.com/members/blog.html: 404 Client Error: Not Found for url: https://www.sasqnet.com/members/blog.html
2024-08-17 12:15:12,937 ERROR Failed to retrieve https://www.sasqnet.com/privecy.html: 404 Client Error: Not Found for url: https://www.sasqnet.com/privecy.html
2024-08-17 12:15:14,050 ERROR Failed to retrieve https://www.sasqnet.com/contact.html: 404 Client Error: Not Found for url: https://www.sasqnet.com/contact.html
2024-08-17 12:15:14,757 ERROR Failed to retrieve https://www.sasqnet.com/design/sasqnet.com: 404 Client Error: Not Found for url: https://www.sasqnet.com/design/sasqnet.com
2024-08-17 12:19:22,970 ERROR Failed to retrieve https://www.sasqnet.com/members/privecy.html: 404 Client Error: Not Found for url: https://www.sasqnet.com/members/privecy.html
2024-08-17 12:19:23,700 ERROR Failed to retrieve https://www.sasqnet.com/sasqnet/index.html: 404 Client Error: Not Found for url: https://www.sasqnet.com/sasqnet/index.html
2024-08-17 12:19:24,015 ERROR Failed to retrieve https://www.sasqnet.com/info@sasqnet.com: 404 Client Error: Not Found for url: https://www.sasqnet.com/info@sasqnet.com
2024-08-17 12:19:24,333 ERROR Failed to retrieve https://www.sasqnet.com/solutions.html: 404 Client Error: Not Found for url: https://www.sasqnet.com/solutions.html
2024-08-17 12:19:25,490 ERROR Failed to retrieve https://www.sasqnet.com/members/solutions.html: 404 Client Error: Not Found for url: https://www.sasqnet.com/members/solutions.html
2024-08-17 12:19:25,802 ERROR Failed to retrieve https://www.sasqnet.com/sasqnet/contact.html: 404 Client Error: Not Found for url: https://www.sasqnet.com/sasqnet/contact.html
2024-08-17 12:19:26,121 ERROR Failed to retrieve https://www.sasqnet.com/design/portfolio_detail/assets/img/portfolio/single-project/project-1/project-1-4.jpg: 404 Client Error: Not Found for url: https://www.sasqnet.com/design/portfolio_detail/assets/img/portfolio/single-project/project-1/project-1-4.jpg
2024-08-17 12:19:28,078 ERROR Failed to retrieve https://www.sasqnet.com/sasqnet/case.html: 404 Client Error: Not Found for url: https://www.sasqnet.com/sasqnet/case.html
2024-08-17 12:19:30,167 ERROR Failed to retrieve https://www.sasqnet.com/sasqnet/terms-condition.html: 404 Client Error: Not Found for url: https://www.sasqnet.com/sasqnet/terms-condition.html
2024-08-17 12:19:31,408 ERROR Failed to retrieve https://www.sasqnet.com/case.html: 404 Client Error: Not Found for url: https://www.sasqnet.com/case.html
2024-08-17 12:19:32,959 ERROR Failed to retrieve https://www.sasqnet.com/members/terms-condition.html: 404 Client Error: Not Found for url: https://www.sasqnet.com/members/terms-condition.html
2024-08-17 12:19:34,058 ERROR Failed to retrieve https://www.sasqnet.com/members/case.html: 404 Client Error: Not Found for url: https://www.sasqnet.com/members/case.html
2024-08-17 12:19:34,373 ERROR Failed to retrieve https://www.sasqnet.com/www.sasqnet.com: 404 Client Error: Not Found for url: https://www.sasqnet.com/www.sasqnet.com
2024-08-17 12:19:34,683 ERROR Failed to retrieve https://www.sasqnet.com/sasqnet/privecy.html: 404 Client Error: Not Found for url: https://www.sasqnet.com/sasqnet/privecy.html
2024-08-17 12:19:34,997 ERROR Failed to retrieve https://www.sasqnet.com/members/contact.html: 404 Client Error: Not Found for url: https://www.sasqnet.com/members/contact.html
2024-08-17 12:19:35,320 ERROR Failed to retrieve https://www.sasqnet.com/blog.html: 404 Client Error: Not Found for url: https://www.sasqnet.com/blog.html
2024-08-17 12:19:36,036 ERROR Failed to retrieve https://www.sasqnet.com/sasqnet/solutions.html: 404 Client Error: Not Found for url: https://www.sasqnet.com/sasqnet/solutions.html
2024-08-17 12:19:36,347 ERROR Failed to retrieve https://www.sasqnet.com/design/portfolio_detail/sasqnet.com: 404 Client Error: Not Found for url: https://www.sasqnet.com/design/portfolio_detail/sasqnet.com
2024-08-17 12:19:36,720 ERROR Failed to retrieve https://www.sasqnet.com/terms-condition.html: 404 Client Error: Not Found for url: https://www.sasqnet.com/terms-condition.html
2024-08-17 12:19:37,033 ERROR Failed to retrieve https://www.sasqnet.com/design/portfolio_detail/assets/img/portfolio/single-project/project-1/project-1-2.jpg: 404 Client Error: Not Found for url: https://www.sasqnet.com/design/portfolio_detail/assets/img/portfolio/single-project/project-1/project-1-2.jpg
2024-08-17 12:19:38,131 ERROR Failed to retrieve https://www.sasqnet.com/sasqnet.com: 404 Client Error: Not Found for url: https://www.sasqnet.com/sasqnet.com
2024-08-17 12:19:38,447 ERROR Failed to retrieve https://www.sasqnet.com/index.html: 404 Client Error: Not Found for url: https://www.sasqnet.com/index.html
2024-08-17 12:19:38,760 ERROR Failed to retrieve https://www.sasqnet.com/design/portfolio_detail/assets/img/portfolio/single-project/project-1/project-1-3.jpg: 404 Client Error: Not Found for url: https://www.sasqnet.com/design/portfolio_detail/assets/img/portfolio/single-project/project-1/project-1-3.jpg
2024-08-17 12:19:39,071 ERROR Failed to retrieve https://www.sasqnet.com/sasqnet/blog.html: 404 Client Error: Not Found for url: https://www.sasqnet.com/sasqnet/blog.html
2024-08-17 12:24:04,739 ERROR Failed to retrieve https://www.sasqnet.com/contact.html: 404 Client Error: Not Found for url: https://www.sasqnet.com/contact.html
2024-08-17 12:24:06,218 ERROR Failed to retrieve https://www.sasqnet.com/case.html: 404 Client Error: Not Found for url: https://www.sasqnet.com/case.html
2024-08-17 12:24:08,052 ERROR Failed to retrieve https://www.sasqnet.com/design/portfolio_detail/assets/img/portfolio/single-project/project-1/project-1-3.jpg: 404 Client Error: Not Found for url: https://www.sasqnet.com/design/portfolio_detail/assets/img/portfolio/single-project/project-1/project-1-3.jpg
2024-08-17 12:24:09,251 ERROR Failed to retrieve https://www.sasqnet.com/info@sasqnet.com: 404 Client Error: Not Found for url: https://www.sasqnet.com/info@sasqnet.com
2024-08-17 12:24:09,572 ERROR Failed to retrieve https://www.sasqnet.com/blog.html: 404 Client Error: Not Found for url: https://www.sasqnet.com/blog.html
2024-08-17 12:24:09,887 ERROR Failed to retrieve https://www.sasqnet.com/sasqnet/case.html: 404 Client Error: Not Found for url: https://www.sasqnet.com/sasqnet/case.html
2024-08-17 12:24:10,621 ERROR Failed to retrieve https://www.sasqnet.com/solutions.html: 404 Client Error: Not Found for url: https://www.sasqnet.com/solutions.html
2024-08-17 12:24:11,778 ERROR Failed to retrieve https://www.sasqnet.com/privecy.html: 404 Client Error: Not Found for url: https://www.sasqnet.com/privecy.html
2024-08-17 12:24:12,094 ERROR Failed to retrieve https://www.sasqnet.com/sasqnet/solutions.html: 404 Client Error: Not Found for url: https://www.sasqnet.com/sasqnet/solutions.html
2024-08-17 12:24:12,801 ERROR Failed to retrieve https://www.sasqnet.com/index.html: 404 Client Error: Not Found for url: https://www.sasqnet.com/index.html
2024-08-17 12:24:13,443 ERROR Failed to retrieve https://www.sasqnet.com/members/www.sasqnet.com: 404 Client Error: Not Found for url: https://www.sasqnet.com/members/www.sasqnet.com
2024-08-17 12:24:13,757 ERROR Failed to retrieve https://www.sasqnet.com/sasqnet/blog.html: 404 Client Error: Not Found for url: https://www.sasqnet.com/sasqnet/blog.html
2024-08-17 12:24:14,448 ERROR Failed to retrieve https://www.sasqnet.com/terms-condition.html: 404 Client Error: Not Found for url: https://www.sasqnet.com/terms-condition.html
2024-08-17 12:24:14,761 ERROR Failed to retrieve https://www.sasqnet.com/members/blog.html: 404 Client Error: Not Found for url: https://www.sasqnet.com/members/blog.html
2024-08-17 12:24:15,798 ERROR Failed to retrieve https://www.sasqnet.com/sasqnet/privecy.html: 404 Client Error: Not Found for url: https://www.sasqnet.com/sasqnet/privecy.html
2024-08-17 12:24:16,507 ERROR Failed to retrieve https://www.sasqnet.com/members/privecy.html: 404 Client Error: Not Found for url: https://www.sasqnet.com/members/privecy.html
2024-08-17 12:24:16,821 ERROR Failed to retrieve https://www.sasqnet.com/sasqnet/terms-condition.html: 404 Client Error: Not Found for url: https://www.sasqnet.com/sasqnet/terms-condition.html
2024-08-17 12:24:18,001 ERROR Failed to retrieve https://www.sasqnet.com/design/portfolio_detail/assets/img/portfolio/single-project/project-1/project-1-4.jpg: 404 Client Error: Not Found for url: https://www.sasqnet.com/design/portfolio_detail/assets/img/portfolio/single-project/project-1/project-1-4.jpg
2024-08-17 12:24:18,740 ERROR Failed to retrieve https://www.sasqnet.com/members/case.html: 404 Client Error: Not Found for url: https://www.sasqnet.com/members/case.html
2024-08-17 12:24:19,033 ERROR Failed to retrieve https://www.sasqnet.com/members/terms-condition.html: 404 Client Error: Not Found for url: https://www.sasqnet.com/members/terms-condition.html
2024-08-17 12:24:20,628 ERROR Failed to retrieve https://www.sasqnet.com/sasqnet/contact.html: 404 Client Error: Not Found for url: https://www.sasqnet.com/sasqnet/contact.html
2024-08-17 12:24:20,929 ERROR Failed to retrieve https://www.sasqnet.com/www.sasqnet.com: 404 Client Error: Not Found for url: https://www.sasqnet.com/www.sasqnet.com
2024-08-17 12:24:22,422 ERROR Failed to retrieve https://www.sasqnet.com/members/contact.html: 404 Client Error: Not Found for url: https://www.sasqnet.com/members/contact.html
2024-08-17 12:24:22,729 ERROR Failed to retrieve https://www.sasqnet.com/sasqnet/index.html: 404 Client Error: Not Found for url: https://www.sasqnet.com/sasqnet/index.html
2024-08-17 12:24:23,036 ERROR Failed to retrieve https://www.sasqnet.com/design/portfolio_detail/sasqnet.com: 404 Client Error: Not Found for url: https://www.sasqnet.com/design/portfolio_detail/sasqnet.com
2024-08-17 12:24:23,351 ERROR Failed to retrieve https://www.sasqnet.com/sasqnet.com: 404 Client Error: Not Found for url: https://www.sasqnet.com/sasqnet.com
2024-08-17 12:24:23,687 ERROR Failed to retrieve https://www.sasqnet.com/design/portfolio_detail/assets/img/portfolio/single-project/project-1/project-1-2.jpg: 404 Client Error: Not Found for url: https://www.sasqnet.com/design/portfolio_detail/assets/img/portfolio/single-project/project-1/project-1-2.jpg
2024-08-17 12:24:24,005 ERROR Failed to retrieve https://www.sasqnet.com/sasqnet/www.sasqnet.com: 404 Client Error: Not Found for url: https://www.sasqnet.com/sasqnet/www.sasqnet.com
2024-08-17 12:24:24,325 ERROR Failed to retrieve https://www.sasqnet.com/members/index.html: 404 Client Error: Not Found for url: https://www.sasqnet.com/members/index.html
2024-08-17 12:24:24,677 ERROR Failed to retrieve https://www.sasqnet.com/design/sasqnet.com: 404 Client Error: Not Found for url: https://www.sasqnet.com/design/sasqnet.com
2024-08-17 12:24:24,983 ERROR Failed to retrieve https://www.sasqnet.com/members/solutions.html: 404 Client Error: Not Found for url: https://www.sasqnet.com/members/solutions.html
2024-08-17 12:25:41,883 ERROR Failed to retrieve https://ozarks.ca/wp-content/uploads/2024/05/studio4-scaled.jpg: 404 Client Error: Not Found for url: https://ozarks.ca/wp-content/uploads/2024/05/studio4-scaled.jpg
2024-08-17 12:25:42,951 ERROR Failed to retrieve https://ozarks.ca/wp-content/uploads/2024/05/humminbird-kitchenette.jpg: 404 Client Error: Not Found for url: https://ozarks.ca/wp-content/uploads/2024/05/humminbird-kitchenette.jpg
2024-08-17 12:25:43,972 ERROR Failed to retrieve https://ozarks.ca/wp-content/uploads/2024/05/studio12-scaled.jpg: 404 Client Error: Not Found for url: https://ozarks.ca/wp-content/uploads/2024/05/studio12-scaled.jpg
2024-08-17 12:25:47,118 ERROR Failed to retrieve https://ozarks.ca/wp-content/uploads/2024/05/hummingbird-shared-shower.jpg: 404 Client Error: Not Found for url: https://ozarks.ca/wp-content/uploads/2024/05/hummingbird-shared-shower.jpg
2024-08-17 12:25:48,128 ERROR Failed to retrieve https://ozarks.ca/wp-content/uploads/2024/05/hummingbird-shared-bathroom.jpg: 404 Client Error: Not Found for url: https://ozarks.ca/wp-content/uploads/2024/05/hummingbird-shared-bathroom.jpg
2024-08-17 12:25:49,166 ERROR Failed to retrieve https://ozarks.ca/wp-content/uploads/2024/05/hummingbird18-scaled.jpg: 404 Client Error: Not Found for url: https://ozarks.ca/wp-content/uploads/2024/05/hummingbird18-scaled.jpg
2024-08-17 12:25:50,233 ERROR Failed to retrieve https://ozarks.ca/wp-content/uploads/2024/05/dragonfly-stills-31-scaled.jpg: 404 Client Error: Not Found for url: https://ozarks.ca/wp-content/uploads/2024/05/dragonfly-stills-31-scaled.jpg
2024-08-17 12:25:51,330 ERROR Failed to retrieve https://ozarks.ca/wp-content/uploads/2024/05/studio-1-scaled.jpg: 404 Client Error: Not Found for url: https://ozarks.ca/wp-content/uploads/2024/05/studio-1-scaled.jpg
2024-08-17 12:25:52,429 ERROR Failed to retrieve https://ozarks.ca/wp-content/uploads/2024/05/studio10-scaled.jpg: 404 Client Error: Not Found for url: https://ozarks.ca/wp-content/uploads/2024/05/studio10-scaled.jpg
2024-08-17 12:25:53,467 ERROR Failed to retrieve https://ozarks.ca/wp-content/uploads/2024/05/kitchenette-1.jpg: 404 Client Error: Not Found for url: https://ozarks.ca/wp-content/uploads/2024/05/kitchenette-1.jpg
2024-08-17 12:25:54,569 ERROR Failed to retrieve https://ozarks.ca/wp-content/uploads/2024/05/dragonfly-2-scaled.jpg: 404 Client Error: Not Found for url: https://ozarks.ca/wp-content/uploads/2024/05/dragonfly-2-scaled.jpg
2024-08-17 12:25:55,616 ERROR Failed to retrieve https://ozarks.ca/wp-content/uploads/2024/05/dragonfly-12-scaled.jpg: 404 Client Error: Not Found for url: https://ozarks.ca/wp-content/uploads/2024/05/dragonfly-12-scaled.jpg
2024-08-17 12:25:56,733 ERROR Failed to retrieve https://ozarks.ca/wp-content/uploads/2024/05/hummingbird3-scaled.jpg: 404 Client Error: Not Found for url: https://ozarks.ca/wp-content/uploads/2024/05/hummingbird3-scaled.jpg
2024-08-17 12:25:57,797 ERROR Failed to retrieve https://ozarks.ca/wp-content/uploads/2024/05/studio16-scaled.jpg: 404 Client Error: Not Found for url: https://ozarks.ca/wp-content/uploads/2024/05/studio16-scaled.jpg
2024-08-17 12:25:58,853 ERROR Failed to retrieve https://ozarks.ca/wp-content/uploads/2024/05/hummingbird-sleeps-3.jpg: 404 Client Error: Not Found for url: https://ozarks.ca/wp-content/uploads/2024/05/hummingbird-sleeps-3.jpg
2024-08-17 12:25:59,840 ERROR Failed to retrieve https://ozarks.ca/wp-content/uploads/2024/05/studio19-scaled.jpg: 404 Client Error: Not Found for url: https://ozarks.ca/wp-content/uploads/2024/05/studio19-scaled.jpg
2024-08-17 12:26:00,909 ERROR Failed to retrieve https://ozarks.ca/wp-content/uploads/2024/05/dragonfly-3-scaled.jpg: 404 Client Error: Not Found for url: https://ozarks.ca/wp-content/uploads/2024/05/dragonfly-3-scaled.jpg
2024-08-17 12:26:01,980 ERROR Failed to retrieve https://ozarks.ca/wp-content/uploads/2024/05/dragonfly-9-scaled.jpg: 404 Client Error: Not Found for url: https://ozarks.ca/wp-content/uploads/2024/05/dragonfly-9-scaled.jpg
2024-08-17 12:26:03,063 ERROR Failed to retrieve https://ozarks.ca/wp-content/uploads/2024/05/hummingbird-pull-out-couch.jpg: 404 Client Error: Not Found for url: https://ozarks.ca/wp-content/uploads/2024/05/hummingbird-pull-out-couch.jpg
2024-08-17 12:26:05,764 ERROR Failed to retrieve https://ozarks.ca/wp-content/uploads/2024/05/hummingbird-0-scaled.jpg: 404 Client Error: Not Found for url: https://ozarks.ca/wp-content/uploads/2024/05/hummingbird-0-scaled.jpg
2024-08-17 12:26:06,818 ERROR Failed to retrieve https://ozarks.ca/wp-content/uploads/2024/05/stairs-to-dragonfly.jpg: 404 Client Error: Not Found for url: https://ozarks.ca/wp-content/uploads/2024/05/stairs-to-dragonfly.jpg
2024-08-17 12:26:07,900 ERROR Failed to retrieve https://ozarks.ca/wp-content/uploads/2024/05/dragonfly-stills-35-scaled.jpg: 404 Client Error: Not Found for url: https://ozarks.ca/wp-content/uploads/2024/05/dragonfly-stills-35-scaled.jpg
2024-08-17 12:27:10,702 WARNING Some characters could not be decoded, and were replaced with REPLACEMENT CHARACTER.
2024-08-17 12:27:11,824 ERROR Failed to retrieve https://ozarks.ca/wp-content/uploads/2024/06/helipad-2-copy-scaled.jpg: 404 Client Error: Not Found for url: https://ozarks.ca/wp-content/uploads/2024/06/helipad-2-copy-scaled.jpg
2024-08-17 12:27:12,390 WARNING Some characters could not be decoded, and were replaced with REPLACEMENT CHARACTER.
2024-08-17 12:27:13,440 ERROR Failed to retrieve https://ozarks.ca/wp-content/uploads/2024/06/heli-pad-copy-scaled.jpg: 404 Client Error: Not Found for url: https://ozarks.ca/wp-content/uploads/2024/06/heli-pad-copy-scaled.jpg
2024-08-17 12:27:16,414 WARNING Some characters could not be decoded, and were replaced with REPLACEMENT CHARACTER.
2024-08-17 12:27:17,539 ERROR Failed to retrieve https://ozarks.ca/wp-content/uploads/2024/05/vortex-windows-scaled.jpg: 404 Client Error: Not Found for url: https://ozarks.ca/wp-content/uploads/2024/05/vortex-windows-scaled.jpg
2024-08-17 12:27:18,600 ERROR Failed to retrieve https://ozarks.ca/wp-content/uploads/2024/05/vortex-queen-bed-and-pullout.jpg: 404 Client Error: Not Found for url: https://ozarks.ca/wp-content/uploads/2024/05/vortex-queen-bed-and-pullout.jpg
2024-08-17 12:27:19,628 ERROR Failed to retrieve https://ozarks.ca/wp-content/uploads/2024/05/vortex14-scaled.jpg: 404 Client Error: Not Found for url: https://ozarks.ca/wp-content/uploads/2024/05/vortex14-scaled.jpg
2024-08-17 12:27:20,654 ERROR Failed to retrieve https://ozarks.ca/wp-content/uploads/2024/06/main-floor-bedroom-copy-scaled.jpg: 404 Client Error: Not Found for url: https://ozarks.ca/wp-content/uploads/2024/06/main-floor-bedroom-copy-scaled.jpg
2024-08-17 12:27:21,648 ERROR Failed to retrieve https://ozarks.ca/wp-content/uploads/2024/05/vortex-exterior-shower-3.jpg: 404 Client Error: Not Found for url: https://ozarks.ca/wp-content/uploads/2024/05/vortex-exterior-shower-3.jpg
2024-08-17 12:27:22,682 ERROR Failed to retrieve https://ozarks.ca/wp-content/uploads/2024/05/vortex-cabin-1-scaled.jpg: 404 Client Error: Not Found for url: https://ozarks.ca/wp-content/uploads/2024/05/vortex-cabin-1-scaled.jpg
2024-08-17 12:27:23,714 ERROR Failed to retrieve https://ozarks.ca/wp-content/uploads/2024/05/vortex-view.jpg: 404 Client Error: Not Found for url: https://ozarks.ca/wp-content/uploads/2024/05/vortex-view.jpg
2024-08-17 12:27:24,265 WARNING Some characters could not be decoded, and were replaced with REPLACEMENT CHARACTER.
2024-08-17 12:27:24,807 WARNING Some characters could not be decoded, and were replaced with REPLACEMENT CHARACTER.
2024-08-17 12:27:25,873 ERROR Failed to retrieve https://ozarks.ca/wp-content/uploads/2024/06/ozarks-lake-house-5-copy-scaled.jpg: 404 Client Error: Not Found for url: https://ozarks.ca/wp-content/uploads/2024/06/ozarks-lake-house-5-copy-scaled.jpg
2024-08-17 12:27:26,952 ERROR Failed to retrieve https://ozarks.ca/wp-content/uploads/2024/06/ozarks-lake-house-7-copy-scaled.jpg: 404 Client Error: Not Found for url: https://ozarks.ca/wp-content/uploads/2024/06/ozarks-lake-house-7-copy-scaled.jpg
2024-08-17 12:27:28,075 ERROR Failed to retrieve https://ozarks.ca/wp-content/uploads/2024/06/ozarks-lake-house-1-scaled.jpg: 404 Client Error: Not Found for url: https://ozarks.ca/wp-content/uploads/2024/06/ozarks-lake-house-1-scaled.jpg
2024-08-17 12:27:29,098 ERROR Failed to retrieve https://ozarks.ca/wp-content/uploads/2024/06/ozarks-lake-house-6-copy-scaled.jpg: 404 Client Error: Not Found for url: https://ozarks.ca/wp-content/uploads/2024/06/ozarks-lake-house-6-copy-scaled.jpg
2024-08-17 12:27:31,714 ERROR Failed to retrieve https://ozarks.ca/wp-content/uploads/2024/05/vortex-exterior.jpg: 404 Client Error: Not Found for url: https://ozarks.ca/wp-content/uploads/2024/05/vortex-exterior.jpg
2024-08-17 12:27:37,234 ERROR Failed to retrieve https://ozarks.ca/wp-content/uploads/2024/05/vortex-private-deck.jpg: 404 Client Error: Not Found for url: https://ozarks.ca/wp-content/uploads/2024/05/vortex-private-deck.jpg
2024-08-17 12:27:38,262 ERROR Failed to retrieve https://ozarks.ca/wp-content/uploads/2024/06/ozarks-lake-house-2-copy-scaled.jpg: 404 Client Error: Not Found for url: https://ozarks.ca/wp-content/uploads/2024/06/ozarks-lake-house-2-copy-scaled.jpg
2024-08-17 12:27:41,001 ERROR Failed to retrieve https://ozarks.ca/wp-content/uploads/2024/05/studio6-scaled.jpg: 404 Client Error: Not Found for url: https://ozarks.ca/wp-content/uploads/2024/05/studio6-scaled.jpg
2024-08-17 12:27:42,072 ERROR Failed to retrieve https://ozarks.ca/wp-content/uploads/2024/05/vortex-seating-area-scaled.jpg: 404 Client Error: Not Found for url: https://ozarks.ca/wp-content/uploads/2024/05/vortex-seating-area-scaled.jpg
2024-08-17 12:27:43,188 ERROR Failed to retrieve https://ozarks.ca/wp-content/uploads/2024/06/private-dock-copy-scaled.jpg: 404 Client Error: Not Found for url: https://ozarks.ca/wp-content/uploads/2024/06/private-dock-copy-scaled.jpg
2024-08-17 12:27:44,224 ERROR Failed to retrieve https://ozarks.ca/wp-content/uploads/2024/05/hummingbird2-2-scaled.jpg: 404 Client Error: Not Found for url: https://ozarks.ca/wp-content/uploads/2024/05/hummingbird2-2-scaled.jpg
2024-08-17 12:27:46,953 ERROR Failed to retrieve https://ozarks.ca/wp-content/uploads/2024/06/master-bedroom-copy-scaled.jpg: 404 Client Error: Not Found for url: https://ozarks.ca/wp-content/uploads/2024/06/master-bedroom-copy-scaled.jpg
2024-08-17 12:27:48,041 ERROR Failed to retrieve https://ozarks.ca/wp-content/uploads/2024/05/hummingbird12-scaled.jpg: 404 Client Error: Not Found for url: https://ozarks.ca/wp-content/uploads/2024/05/hummingbird12-scaled.jpg
2024-08-17 12:27:49,106 ERROR Failed to retrieve https://ozarks.ca/wp-content/uploads/2024/06/private-dock-3-copy-scaled.jpg: 404 Client Error: Not Found for url: https://ozarks.ca/wp-content/uploads/2024/06/private-dock-3-copy-scaled.jpg
2024-08-17 12:27:50,186 ERROR Failed to retrieve https://ozarks.ca/wp-content/uploads/2024/05/kitchenette.jpg: 404 Client Error: Not Found for url: https://ozarks.ca/wp-content/uploads/2024/05/kitchenette.jpg
2024-08-17 12:27:51,284 ERROR Failed to retrieve https://ozarks.ca/wp-content/uploads/2024/05/studio16-scaled.jpg: 404 Client Error: Not Found for url: https://ozarks.ca/wp-content/uploads/2024/05/studio16-scaled.jpg
2024-08-17 12:27:52,294 ERROR Failed to retrieve https://ozarks.ca/wp-content/uploads/2024/06/pull-out-master-copy-scaled.jpg: 404 Client Error: Not Found for url: https://ozarks.ca/wp-content/uploads/2024/06/pull-out-master-copy-scaled.jpg
2024-08-17 12:27:53,307 ERROR Failed to retrieve https://ozarks.ca/wp-content/uploads/2024/05/hummingbird18-scaled.jpg: 404 Client Error: Not Found for url: https://ozarks.ca/wp-content/uploads/2024/05/hummingbird18-scaled.jpg
2024-08-17 12:27:53,860 WARNING Some characters could not be decoded, and were replaced with REPLACEMENT CHARACTER.
2024-08-17 12:27:54,399 WARNING Some characters could not be decoded, and were replaced with REPLACEMENT CHARACTER.
2024-08-17 12:27:55,405 ERROR Failed to retrieve https://ozarks.ca/wp-content/uploads/2024/05/hummingbird14-scaled.jpg: 404 Client Error: Not Found for url: https://ozarks.ca/wp-content/uploads/2024/05/hummingbird14-scaled.jpg
2024-08-17 12:27:56,420 ERROR Failed to retrieve https://ozarks.ca/wp-content/uploads/2024/05/hummingbird8-scaled.jpg: 404 Client Error: Not Found for url: https://ozarks.ca/wp-content/uploads/2024/05/hummingbird8-scaled.jpg
2024-08-17 12:27:57,468 ERROR Failed to retrieve https://ozarks.ca/wp-content/uploads/2024/05/vortex-exterior-shower-2.jpg: 404 Client Error: Not Found for url: https://ozarks.ca/wp-content/uploads/2024/05/vortex-exterior-shower-2.jpg
2024-08-17 12:27:58,125 WARNING Some characters could not be decoded, and were replaced with REPLACEMENT CHARACTER.
2024-08-17 12:27:59,213 ERROR Failed to retrieve https://ozarks.ca/wp-content/uploads/2024/05/humminbird-kitchenette.jpg: 404 Client Error: Not Found for url: https://ozarks.ca/wp-content/uploads/2024/05/humminbird-kitchenette.jpg
2024-08-17 12:28:00,278 ERROR Failed to retrieve https://ozarks.ca/wp-content/uploads/2024/05/hummingbird-shared-bathroom.jpg: 404 Client Error: Not Found for url: https://ozarks.ca/wp-content/uploads/2024/05/hummingbird-shared-bathroom.jpg
2024-08-17 12:28:01,340 ERROR Failed to retrieve https://ozarks.ca/wp-content/uploads/2024/05/studio15-scaled.jpg: 404 Client Error: Not Found for url: https://ozarks.ca/wp-content/uploads/2024/05/studio15-scaled.jpg
2024-08-17 12:28:02,385 ERROR Failed to retrieve https://ozarks.ca/wp-content/uploads/2024/05/studio19-scaled.jpg: 404 Client Error: Not Found for url: https://ozarks.ca/wp-content/uploads/2024/05/studio19-scaled.jpg
2024-08-17 12:28:03,431 ERROR Failed to retrieve https://ozarks.ca/wp-content/uploads/2024/05/studio8-scaled.jpg: 404 Client Error: Not Found for url: https://ozarks.ca/wp-content/uploads/2024/05/studio8-scaled.jpg
2024-08-17 12:28:04,513 ERROR Failed to retrieve https://ozarks.ca/wp-content/uploads/2024/05/studio9-scaled.jpg: 404 Client Error: Not Found for url: https://ozarks.ca/wp-content/uploads/2024/05/studio9-scaled.jpg
2024-08-17 12:28:05,529 ERROR Failed to retrieve https://ozarks.ca/wp-content/uploads/2024/05/hummingbird7-scaled.jpg: 404 Client Error: Not Found for url: https://ozarks.ca/wp-content/uploads/2024/05/hummingbird7-scaled.jpg
2024-08-17 12:28:06,548 ERROR Failed to retrieve https://ozarks.ca/wp-content/uploads/2024/05/vortex11-seating-2-scaled.jpg: 404 Client Error: Not Found for url: https://ozarks.ca/wp-content/uploads/2024/05/vortex11-seating-2-scaled.jpg
2024-08-17 12:28:07,588 ERROR Failed to retrieve https://ozarks.ca/wp-content/uploads/2024/05/studio28-scaled.jpg: 404 Client Error: Not Found for url: https://ozarks.ca/wp-content/uploads/2024/05/studio28-scaled.jpg
2024-08-17 12:28:08,604 ERROR Failed to retrieve https://ozarks.ca/wp-content/uploads/2024/05/studio7-scaled.jpg: 404 Client Error: Not Found for url: https://ozarks.ca/wp-content/uploads/2024/05/studio7-scaled.jpg
2024-08-17 12:28:09,695 ERROR Failed to retrieve https://ozarks.ca/wp-content/uploads/2024/05/hummingbird-pull-out-couch.jpg: 404 Client Error: Not Found for url: https://ozarks.ca/wp-content/uploads/2024/05/hummingbird-pull-out-couch.jpg
2024-08-17 12:28:10,697 ERROR Failed to retrieve https://ozarks.ca/wp-content/uploads/2024/05/studio24-scaled.jpg: 404 Client Error: Not Found for url: https://ozarks.ca/wp-content/uploads/2024/05/studio24-scaled.jpg
2024-08-17 12:28:11,687 ERROR Failed to retrieve https://ozarks.ca/wp-content/uploads/2024/05/hummingbird1-scaled.jpg: 404 Client Error: Not Found for url: https://ozarks.ca/wp-content/uploads/2024/05/hummingbird1-scaled.jpg
2024-08-17 12:28:12,723 ERROR Failed to retrieve https://ozarks.ca/wp-content/uploads/2024/06/stairs-copy-scaled.jpg: 404 Client Error: Not Found for url: https://ozarks.ca/wp-content/uploads/2024/06/stairs-copy-scaled.jpg
2024-08-17 12:28:13,725 ERROR Failed to retrieve https://ozarks.ca/wp-content/uploads/2024/05/vortex-interior-shower.jpg: 404 Client Error: Not Found for url: https://ozarks.ca/wp-content/uploads/2024/05/vortex-interior-shower.jpg
2024-08-17 12:28:14,817 ERROR Failed to retrieve https://ozarks.ca/wp-content/uploads/2024/05/studio25-1-scaled.jpg: 404 Client Error: Not Found for url: https://ozarks.ca/wp-content/uploads/2024/05/studio25-1-scaled.jpg
2024-08-17 12:28:15,813 ERROR Failed to retrieve https://ozarks.ca/wp-content/uploads/2024/05/studio23-scaled.jpg: 404 Client Error: Not Found for url: https://ozarks.ca/wp-content/uploads/2024/05/studio23-scaled.jpg
2024-08-17 12:28:16,825 ERROR Failed to retrieve https://ozarks.ca/wp-content/uploads/2024/05/vortex-exterior-2.jpg: 404 Client Error: Not Found for url: https://ozarks.ca/wp-content/uploads/2024/05/vortex-exterior-2.jpg
2024-08-17 12:28:17,842 ERROR Failed to retrieve https://ozarks.ca/wp-content/uploads/2024/05/studio11-scaled.jpg: 404 Client Error: Not Found for url: https://ozarks.ca/wp-content/uploads/2024/05/studio11-scaled.jpg
2024-08-17 12:28:18,457 WARNING Some characters could not be decoded, and were replaced with REPLACEMENT CHARACTER.
2024-08-17 12:28:19,559 ERROR Failed to retrieve https://ozarks.ca/wp-content/uploads/2024/05/hummingbird11-scaled.jpg: 404 Client Error: Not Found for url: https://ozarks.ca/wp-content/uploads/2024/05/hummingbird11-scaled.jpg
2024-08-17 12:28:20,658 ERROR Failed to retrieve https://ozarks.ca/wp-content/uploads/2024/05/vortex-wide-echo-island.jpg: 404 Client Error: Not Found for url: https://ozarks.ca/wp-content/uploads/2024/05/vortex-wide-echo-island.jpg
2024-08-17 12:28:22,827 WARNING Some characters could not be decoded, and were replaced with REPLACEMENT CHARACTER.
2024-08-17 12:28:23,368 WARNING Some characters could not be decoded, and were replaced with REPLACEMENT CHARACTER.
2024-08-17 12:28:24,439 ERROR Failed to retrieve https://ozarks.ca/wp-content/uploads/2024/05/vortex-shared-bathroom.jpg: 404 Client Error: Not Found for url: https://ozarks.ca/wp-content/uploads/2024/05/vortex-shared-bathroom.jpg
2024-08-17 12:28:25,445 ERROR Failed to retrieve https://ozarks.ca/wp-content/uploads/2024/05/hummingbird9.jpg: 404 Client Error: Not Found for url: https://ozarks.ca/wp-content/uploads/2024/05/hummingbird9.jpg
2024-08-17 12:28:28,023 ERROR Failed to retrieve https://ozarks.ca/wp-content/uploads/2024/06/living-room-copy-scaled.jpg: 404 Client Error: Not Found for url: https://ozarks.ca/wp-content/uploads/2024/06/living-room-copy-scaled.jpg
2024-08-17 12:28:29,078 ERROR Failed to retrieve https://ozarks.ca/wp-content/uploads/2024/05/studio26-scaled.jpg: 404 Client Error: Not Found for url: https://ozarks.ca/wp-content/uploads/2024/05/studio26-scaled.jpg
2024-08-17 12:28:30,080 ERROR Failed to retrieve https://ozarks.ca/wp-content/uploads/2024/05/studio22-scaled.jpg: 404 Client Error: Not Found for url: https://ozarks.ca/wp-content/uploads/2024/05/studio22-scaled.jpg
2024-08-17 12:28:31,191 ERROR Failed to retrieve https://ozarks.ca/wp-content/uploads/2024/05/vortex-interior-shower-2.jpg: 404 Client Error: Not Found for url: https://ozarks.ca/wp-content/uploads/2024/05/vortex-interior-shower-2.jpg
2024-08-17 12:28:32,325 ERROR Failed to retrieve https://ozarks.ca/wp-content/uploads/2024/05/vortex-exterior-shower-scaled.jpg: 404 Client Error: Not Found for url: https://ozarks.ca/wp-content/uploads/2024/05/vortex-exterior-shower-scaled.jpg
2024-08-17 12:28:35,004 ERROR Failed to retrieve https://ozarks.ca/wp-content/uploads/2024/05/vortex-bathroom.jpg: 404 Client Error: Not Found for url: https://ozarks.ca/wp-content/uploads/2024/05/vortex-bathroom.jpg
2024-08-17 12:28:36,027 ERROR Failed to retrieve https://ozarks.ca/wp-content/uploads/2024/05/studio14-scaled.jpg: 404 Client Error: Not Found for url: https://ozarks.ca/wp-content/uploads/2024/05/studio14-scaled.jpg
2024-08-17 12:28:38,881 ERROR Failed to retrieve https://ozarks.ca/wp-content/uploads/2024/05/vortex-the-deck.jpg: 404 Client Error: Not Found for url: https://ozarks.ca/wp-content/uploads/2024/05/vortex-the-deck.jpg
2024-08-17 12:28:39,971 ERROR Failed to retrieve https://ozarks.ca/wp-content/uploads/2024/05/vortex-view-2-scaled.jpg: 404 Client Error: Not Found for url: https://ozarks.ca/wp-content/uploads/2024/05/vortex-view-2-scaled.jpg
2024-08-17 12:28:41,033 ERROR Failed to retrieve https://ozarks.ca/wp-content/uploads/2024/05/hummingbird4-scaled.jpg: 404 Client Error: Not Found for url: https://ozarks.ca/wp-content/uploads/2024/05/hummingbird4-scaled.jpg
2024-08-17 12:28:42,106 ERROR Failed to retrieve https://ozarks.ca/wp-content/uploads/2024/05/studio20-scaled.jpg: 404 Client Error: Not Found for url: https://ozarks.ca/wp-content/uploads/2024/05/studio20-scaled.jpg
2024-08-17 12:28:43,139 ERROR Failed to retrieve https://ozarks.ca/wp-content/uploads/2024/05/hummingbird-exterior.jpg: 404 Client Error: Not Found for url: https://ozarks.ca/wp-content/uploads/2024/05/hummingbird-exterior.jpg
2024-08-17 12:28:44,164 ERROR Failed to retrieve https://ozarks.ca/wp-content/uploads/2024/06/private-dock-2-copy-scaled.jpg: 404 Client Error: Not Found for url: https://ozarks.ca/wp-content/uploads/2024/06/private-dock-2-copy-scaled.jpg
2024-08-17 12:28:45,164 ERROR Failed to retrieve https://ozarks.ca/wp-content/uploads/2024/05/hummingbird3-scaled.jpg: 404 Client Error: Not Found for url: https://ozarks.ca/wp-content/uploads/2024/05/hummingbird3-scaled.jpg
2024-08-17 12:28:45,777 WARNING Some characters could not be decoded, and were replaced with REPLACEMENT CHARACTER.
2024-08-17 12:28:46,314 WARNING Some characters could not be decoded, and were replaced with REPLACEMENT CHARACTER.
2024-08-17 12:28:47,362 ERROR Failed to retrieve https://ozarks.ca/wp-content/uploads/2024/05/hummingbird15-scaled.jpg: 404 Client Error: Not Found for url: https://ozarks.ca/wp-content/uploads/2024/05/hummingbird15-scaled.jpg
2024-08-17 12:28:50,442 ERROR Failed to retrieve https://ozarks.ca/wp-content/uploads/2024/05/studio21-scaled.jpg: 404 Client Error: Not Found for url: https://ozarks.ca/wp-content/uploads/2024/05/studio21-scaled.jpg
2024-08-17 12:28:51,540 ERROR Failed to retrieve https://ozarks.ca/wp-content/uploads/2024/05/hummingbird-shared-shower.jpg: 404 Client Error: Not Found for url: https://ozarks.ca/wp-content/uploads/2024/05/hummingbird-shared-shower.jpg
2024-08-17 12:28:52,657 ERROR Failed to retrieve https://ozarks.ca/wp-content/uploads/2024/06/ozarks-lake-house-3-copy-scaled.jpg: 404 Client Error: Not Found for url: https://ozarks.ca/wp-content/uploads/2024/06/ozarks-lake-house-3-copy-scaled.jpg
2024-08-17 12:28:53,711 ERROR Failed to retrieve https://ozarks.ca/wp-content/uploads/2024/05/studio-1-scaled.jpg: 404 Client Error: Not Found for url: https://ozarks.ca/wp-content/uploads/2024/05/studio-1-scaled.jpg
2024-08-17 12:28:56,844 ERROR Failed to retrieve https://ozarks.ca/wp-content/uploads/2024/05/ozarks-all-cabins-scaled.jpg: 404 Client Error: Not Found for url: https://ozarks.ca/wp-content/uploads/2024/05/ozarks-all-cabins-scaled.jpg
2024-08-17 12:28:57,896 ERROR Failed to retrieve https://ozarks.ca/wp-content/uploads/2024/05/hummingbird17-scaled.jpg: 404 Client Error: Not Found for url: https://ozarks.ca/wp-content/uploads/2024/05/hummingbird17-scaled.jpg
2024-08-17 12:28:58,954 ERROR Failed to retrieve https://ozarks.ca/wp-content/uploads/2024/06/ozarks-lake-house-4-copy-scaled.jpg: 404 Client Error: Not Found for url: https://ozarks.ca/wp-content/uploads/2024/06/ozarks-lake-house-4-copy-scaled.jpg
2024-08-17 12:29:01,605 ERROR Failed to retrieve https://ozarks.ca/wp-content/uploads/2024/05/studio18-scaled.jpg: 404 Client Error: Not Found for url: https://ozarks.ca/wp-content/uploads/2024/05/studio18-scaled.jpg
2024-08-17 12:29:02,670 ERROR Failed to retrieve https://ozarks.ca/wp-content/uploads/2024/05/homestead-still-4-scaled.jpg: 404 Client Error: Not Found for url: https://ozarks.ca/wp-content/uploads/2024/05/homestead-still-4-scaled.jpg
2024-08-17 12:29:03,738 ERROR Failed to retrieve https://ozarks.ca/wp-content/uploads/2024/05/homestead35-scaled.jpg: 404 Client Error: Not Found for url: https://ozarks.ca/wp-content/uploads/2024/05/homestead35-scaled.jpg
2024-08-17 12:29:04,327 WARNING Some characters could not be decoded, and were replaced with REPLACEMENT CHARACTER.
2024-08-17 12:29:05,416 ERROR Failed to retrieve https://ozarks.ca/wp-content/uploads/2024/05/homestead50.jpg: 404 Client Error: Not Found for url: https://ozarks.ca/wp-content/uploads/2024/05/homestead50.jpg
2024-08-17 12:29:06,519 ERROR Failed to retrieve https://ozarks.ca/wp-content/uploads/2024/05/studio4-scaled.jpg: 404 Client Error: Not Found for url: https://ozarks.ca/wp-content/uploads/2024/05/studio4-scaled.jpg
2024-08-17 12:29:09,065 ERROR Failed to retrieve https://ozarks.ca/wp-content/uploads/2024/05/studio12-scaled.jpg: 404 Client Error: Not Found for url: https://ozarks.ca/wp-content/uploads/2024/05/studio12-scaled.jpg
2024-08-17 12:29:10,144 ERROR Failed to retrieve https://ozarks.ca/wp-content/uploads/2024/05/studio3-scaled.jpg: 404 Client Error: Not Found for url: https://ozarks.ca/wp-content/uploads/2024/05/studio3-scaled.jpg
2024-08-17 12:29:11,220 ERROR Failed to retrieve https://ozarks.ca/wp-content/uploads/2024/05/vortex-kitchenette-scaled.jpg: 404 Client Error: Not Found for url: https://ozarks.ca/wp-content/uploads/2024/05/vortex-kitchenette-scaled.jpg
2024-08-17 12:29:12,229 ERROR Failed to retrieve https://ozarks.ca/wp-content/uploads/2024/05/studio13-scaled.jpg: 404 Client Error: Not Found for url: https://ozarks.ca/wp-content/uploads/2024/05/studio13-scaled.jpg
2024-08-17 12:29:13,256 ERROR Failed to retrieve https://ozarks.ca/wp-content/uploads/2024/05/hummingbird16-scaled.jpg: 404 Client Error: Not Found for url: https://ozarks.ca/wp-content/uploads/2024/05/hummingbird16-scaled.jpg
2024-08-17 12:29:14,294 ERROR Failed to retrieve https://ozarks.ca/wp-content/uploads/2024/05/homestead38-scaled.jpg: 404 Client Error: Not Found for url: https://ozarks.ca/wp-content/uploads/2024/05/homestead38-scaled.jpg
2024-08-17 12:29:15,305 ERROR Failed to retrieve https://ozarks.ca/wp-content/uploads/2024/05/homestead31.jpg: 404 Client Error: Not Found for url: https://ozarks.ca/wp-content/uploads/2024/05/homestead31.jpg
2024-08-17 12:29:16,306 ERROR Failed to retrieve https://ozarks.ca/wp-content/uploads/2024/05/hummingbird-0-scaled.jpg: 404 Client Error: Not Found for url: https://ozarks.ca/wp-content/uploads/2024/05/hummingbird-0-scaled.jpg
2024-08-17 12:29:17,318 ERROR Failed to retrieve https://ozarks.ca/wp-content/uploads/2024/05/studio17-scaled.jpg: 404 Client Error: Not Found for url: https://ozarks.ca/wp-content/uploads/2024/05/studio17-scaled.jpg
2024-08-17 12:29:18,343 ERROR Failed to retrieve https://ozarks.ca/wp-content/uploads/2024/05/studio10-scaled.jpg: 404 Client Error: Not Found for url: https://ozarks.ca/wp-content/uploads/2024/05/studio10-scaled.jpg
2024-08-17 12:29:19,391 ERROR Failed to retrieve https://ozarks.ca/wp-content/uploads/2024/05/hummingbird-viewing-area.jpg: 404 Client Error: Not Found for url: https://ozarks.ca/wp-content/uploads/2024/05/hummingbird-viewing-area.jpg
2024-08-17 12:29:20,425 ERROR Failed to retrieve https://ozarks.ca/wp-content/uploads/2024/05/homestead51.jpg: 404 Client Error: Not Found for url: https://ozarks.ca/wp-content/uploads/2024/05/homestead51.jpg
2024-08-17 12:29:23,587 ERROR Failed to retrieve https://ozarks.ca/wp-content/uploads/2024/05/studio27-scaled.jpg: 404 Client Error: Not Found for url: https://ozarks.ca/wp-content/uploads/2024/05/studio27-scaled.jpg
2024-08-17 12:29:24,608 ERROR Failed to retrieve https://ozarks.ca/wp-content/uploads/2024/05/hummingbird-sleeps-3.jpg: 404 Client Error: Not Found for url: https://ozarks.ca/wp-content/uploads/2024/05/hummingbird-sleeps-3.jpg
2024-08-17 12:29:25,687 ERROR Failed to retrieve https://ozarks.ca/wp-content/uploads/2024/05/hummingbird13-scaled.jpg: 404 Client Error: Not Found for url: https://ozarks.ca/wp-content/uploads/2024/05/hummingbird13-scaled.jpg
2024-08-17 12:29:26,748 ERROR Failed to retrieve https://ozarks.ca/wp-content/uploads/2024/05/dragonfly-stills-4-scaled.jpg: 404 Client Error: Not Found for url: https://ozarks.ca/wp-content/uploads/2024/05/dragonfly-stills-4-scaled.jpg
2024-08-17 12:29:27,819 ERROR Failed to retrieve https://ozarks.ca/wp-content/uploads/2024/05/dragonfly-stills-26-scaled.jpg: 404 Client Error: Not Found for url: https://ozarks.ca/wp-content/uploads/2024/05/dragonfly-stills-26-scaled.jpg
2024-08-17 12:29:28,918 ERROR Failed to retrieve https://ozarks.ca/wp-content/uploads/2024/05/homestead46.jpg: 404 Client Error: Not Found for url: https://ozarks.ca/wp-content/uploads/2024/05/homestead46.jpg
2024-08-17 12:29:29,930 ERROR Failed to retrieve https://ozarks.ca/wp-content/uploads/2024/05/dragonfly-11-scaled.jpg: 404 Client Error: Not Found for url: https://ozarks.ca/wp-content/uploads/2024/05/dragonfly-11-scaled.jpg
2024-08-17 12:29:30,955 ERROR Failed to retrieve https://ozarks.ca/wp-content/uploads/2024/05/dragonfly-10-scaled.jpg: 404 Client Error: Not Found for url: https://ozarks.ca/wp-content/uploads/2024/05/dragonfly-10-scaled.jpg
2024-08-17 12:29:31,979 ERROR Failed to retrieve https://ozarks.ca/wp-content/uploads/2024/05/homestead41.jpg: 404 Client Error: Not Found for url: https://ozarks.ca/wp-content/uploads/2024/05/homestead41.jpg
2024-08-17 12:29:33,080 ERROR Failed to retrieve https://ozarks.ca/wp-content/uploads/2024/05/homestead52.jpg: 404 Client Error: Not Found for url: https://ozarks.ca/wp-content/uploads/2024/05/homestead52.jpg
2024-08-17 12:29:34,214 ERROR Failed to retrieve https://ozarks.ca/wp-content/uploads/2024/05/dragonfly-7-scaled.jpg: 404 Client Error: Not Found for url: https://ozarks.ca/wp-content/uploads/2024/05/dragonfly-7-scaled.jpg
2024-08-17 12:29:35,257 ERROR Failed to retrieve https://ozarks.ca/wp-content/uploads/2024/05/dragonfly-1.jpg: 404 Client Error: Not Found for url: https://ozarks.ca/wp-content/uploads/2024/05/dragonfly-1.jpg
2024-08-17 12:29:36,361 ERROR Failed to retrieve https://ozarks.ca/wp-content/uploads/2024/05/dragonfly-stills-19-scaled.jpg: 404 Client Error: Not Found for url: https://ozarks.ca/wp-content/uploads/2024/05/dragonfly-stills-19-scaled.jpg
2024-08-17 12:29:37,444 ERROR Failed to retrieve https://ozarks.ca/wp-content/uploads/2024/05/homestead16-scaled.jpg: 404 Client Error: Not Found for url: https://ozarks.ca/wp-content/uploads/2024/05/homestead16-scaled.jpg
2024-08-17 12:29:38,461 ERROR Failed to retrieve https://ozarks.ca/wp-content/uploads/2024/05/stairs-to-dragonfly.jpg: 404 Client Error: Not Found for url: https://ozarks.ca/wp-content/uploads/2024/05/stairs-to-dragonfly.jpg
2024-08-17 12:29:39,536 ERROR Failed to retrieve https://ozarks.ca/wp-content/uploads/2024/05/homestead49.jpg: 404 Client Error: Not Found for url: https://ozarks.ca/wp-content/uploads/2024/05/homestead49.jpg
2024-08-17 12:29:40,583 ERROR Failed to retrieve https://ozarks.ca/wp-content/uploads/2024/05/dragonfly-5-scaled.jpg: 404 Client Error: Not Found for url: https://ozarks.ca/wp-content/uploads/2024/05/dragonfly-5-scaled.jpg
2024-08-17 12:29:41,609 ERROR Failed to retrieve https://ozarks.ca/wp-content/uploads/2024/05/homestead48.jpg: 404 Client Error: Not Found for url: https://ozarks.ca/wp-content/uploads/2024/05/homestead48.jpg
2024-08-17 12:29:42,685 ERROR Failed to retrieve https://ozarks.ca/wp-content/uploads/2024/05/dragonfly-stills-8-scaled.jpg: 404 Client Error: Not Found for url: https://ozarks.ca/wp-content/uploads/2024/05/dragonfly-stills-8-scaled.jpg
2024-08-17 12:29:43,754 ERROR Failed to retrieve https://ozarks.ca/wp-content/uploads/2024/05/homestead40.jpg: 404 Client Error: Not Found for url: https://ozarks.ca/wp-content/uploads/2024/05/homestead40.jpg
2024-08-17 12:29:44,798 ERROR Failed to retrieve https://ozarks.ca/wp-content/uploads/2024/05/dragonfly-2-scaled.jpg: 404 Client Error: Not Found for url: https://ozarks.ca/wp-content/uploads/2024/05/dragonfly-2-scaled.jpg
2024-08-17 12:29:45,855 ERROR Failed to retrieve https://ozarks.ca/wp-content/uploads/2024/05/homestead22-scaled.jpg: 404 Client Error: Not Found for url: https://ozarks.ca/wp-content/uploads/2024/05/homestead22-scaled.jpg
2024-08-17 12:29:46,995 ERROR Failed to retrieve https://ozarks.ca/wp-content/uploads/2024/05/homestead54.jpg: 404 Client Error: Not Found for url: https://ozarks.ca/wp-content/uploads/2024/05/homestead54.jpg
2024-08-17 12:29:48,066 ERROR Failed to retrieve https://ozarks.ca/wp-content/uploads/2024/05/dragonfly-stills-3-scaled.jpg: 404 Client Error: Not Found for url: https://ozarks.ca/wp-content/uploads/2024/05/dragonfly-stills-3-scaled.jpg
2024-08-17 12:29:49,085 ERROR Failed to retrieve https://ozarks.ca/wp-content/uploads/2024/05/dragonfly-stills-10-scaled.jpg: 404 Client Error: Not Found for url: https://ozarks.ca/wp-content/uploads/2024/05/dragonfly-stills-10-scaled.jpg
2024-08-17 12:29:50,103 ERROR Failed to retrieve https://ozarks.ca/wp-content/uploads/2024/05/dragonfly-viewing-area.jpg: 404 Client Error: Not Found for url: https://ozarks.ca/wp-content/uploads/2024/05/dragonfly-viewing-area.jpg
2024-08-17 12:29:51,144 ERROR Failed to retrieve https://ozarks.ca/wp-content/uploads/2024/05/dragonfly-stills-33-scaled.jpg: 404 Client Error: Not Found for url: https://ozarks.ca/wp-content/uploads/2024/05/dragonfly-stills-33-scaled.jpg
2024-08-17 12:29:52,189 ERROR Failed to retrieve https://ozarks.ca/wp-content/uploads/2024/05/homestead-still-6-scaled.jpg: 404 Client Error: Not Found for url: https://ozarks.ca/wp-content/uploads/2024/05/homestead-still-6-scaled.jpg
2024-08-17 12:29:53,231 ERROR Failed to retrieve https://ozarks.ca/wp-content/uploads/2024/05/homestead43.jpg: 404 Client Error: Not Found for url: https://ozarks.ca/wp-content/uploads/2024/05/homestead43.jpg
2024-08-17 12:29:54,292 ERROR Failed to retrieve https://ozarks.ca/wp-content/uploads/2024/05/dragonfly-6-scaled.jpg: 404 Client Error: Not Found for url: https://ozarks.ca/wp-content/uploads/2024/05/dragonfly-6-scaled.jpg
2024-08-17 12:29:55,384 ERROR Failed to retrieve https://ozarks.ca/wp-content/uploads/2024/05/dragonfly-duplex-unit.jpg: 404 Client Error: Not Found for url: https://ozarks.ca/wp-content/uploads/2024/05/dragonfly-duplex-unit.jpg
2024-08-17 12:29:56,417 ERROR Failed to retrieve https://ozarks.ca/wp-content/uploads/2024/05/homestead14-scaled.jpg: 404 Client Error: Not Found for url: https://ozarks.ca/wp-content/uploads/2024/05/homestead14-scaled.jpg
2024-08-17 12:29:57,488 ERROR Failed to retrieve https://ozarks.ca/wp-content/uploads/2024/05/homestead42.jpg: 404 Client Error: Not Found for url: https://ozarks.ca/wp-content/uploads/2024/05/homestead42.jpg
2024-08-17 12:29:58,492 ERROR Failed to retrieve https://ozarks.ca/wp-content/uploads/2024/05/dragonfly-duplex-2.jpg: 404 Client Error: Not Found for url: https://ozarks.ca/wp-content/uploads/2024/05/dragonfly-duplex-2.jpg
2024-08-17 12:29:59,536 ERROR Failed to retrieve https://ozarks.ca/wp-content/uploads/2024/05/dragonfly-3-scaled.jpg: 404 Client Error: Not Found for url: https://ozarks.ca/wp-content/uploads/2024/05/dragonfly-3-scaled.jpg
2024-08-17 12:30:00,610 ERROR Failed to retrieve https://ozarks.ca/wp-content/uploads/2024/05/dragonfly-stills-11-scaled.jpg: 404 Client Error: Not Found for url: https://ozarks.ca/wp-content/uploads/2024/05/dragonfly-stills-11-scaled.jpg
2024-08-17 12:30:01,659 ERROR Failed to retrieve https://ozarks.ca/wp-content/uploads/2024/05/homestead28-scaled.jpg: 404 Client Error: Not Found for url: https://ozarks.ca/wp-content/uploads/2024/05/homestead28-scaled.jpg
2024-08-17 12:30:03,262 ERROR Failed to retrieve https://ozarks.ca/wp-content/uploads/2024/05/homestead13-scaled.jpg: 404 Client Error: Not Found for url: https://ozarks.ca/wp-content/uploads/2024/05/homestead13-scaled.jpg
2024-08-17 12:30:04,586 ERROR Failed to retrieve https://ozarks.ca/wp-content/uploads/2024/05/dragonfly-stills-20-scaled.jpg: 404 Client Error: Not Found for url: https://ozarks.ca/wp-content/uploads/2024/05/dragonfly-stills-20-scaled.jpg
2024-08-17 12:30:05,725 ERROR Failed to retrieve https://ozarks.ca/wp-content/uploads/2024/05/homestead-still-5-scaled.jpg: 404 Client Error: Not Found for url: https://ozarks.ca/wp-content/uploads/2024/05/homestead-still-5-scaled.jpg
2024-08-17 12:30:06,922 ERROR Failed to retrieve https://ozarks.ca/wp-content/uploads/2024/05/homestead-1-scaled.jpg: 404 Client Error: Not Found for url: https://ozarks.ca/wp-content/uploads/2024/05/homestead-1-scaled.jpg
2024-08-17 12:30:08,097 ERROR Failed to retrieve https://ozarks.ca/wp-content/uploads/2024/05/homestead29-scaled.jpg: 404 Client Error: Not Found for url: https://ozarks.ca/wp-content/uploads/2024/05/homestead29-scaled.jpg
2024-08-17 12:30:09,251 ERROR Failed to retrieve https://ozarks.ca/wp-content/uploads/2024/05/kitchenette-1.jpg: 404 Client Error: Not Found for url: https://ozarks.ca/wp-content/uploads/2024/05/kitchenette-1.jpg
2024-08-17 12:30:10,415 ERROR Failed to retrieve https://ozarks.ca/wp-content/uploads/2024/05/homestead23-scaled.jpg: 404 Client Error: Not Found for url: https://ozarks.ca/wp-content/uploads/2024/05/homestead23-scaled.jpg
2024-08-17 12:30:11,443 ERROR Failed to retrieve https://ozarks.ca/wp-content/uploads/2024/05/homestead-3-scaled.jpg: 404 Client Error: Not Found for url: https://ozarks.ca/wp-content/uploads/2024/05/homestead-3-scaled.jpg
2024-08-17 12:30:12,458 ERROR Failed to retrieve https://ozarks.ca/wp-content/uploads/2024/05/dragonfly-8-scaled.jpg: 404 Client Error: Not Found for url: https://ozarks.ca/wp-content/uploads/2024/05/dragonfly-8-scaled.jpg
2024-08-17 12:30:13,507 ERROR Failed to retrieve https://ozarks.ca/wp-content/uploads/2024/05/homestead32.jpg: 404 Client Error: Not Found for url: https://ozarks.ca/wp-content/uploads/2024/05/homestead32.jpg
2024-08-17 12:30:14,591 ERROR Failed to retrieve https://ozarks.ca/wp-content/uploads/2024/05/dragonfly-stills-5-scaled.jpg: 404 Client Error: Not Found for url: https://ozarks.ca/wp-content/uploads/2024/05/dragonfly-stills-5-scaled.jpg
2024-08-17 12:30:15,672 ERROR Failed to retrieve https://ozarks.ca/wp-content/uploads/2024/05/dragonfly-stills-31-scaled.jpg: 404 Client Error: Not Found for url: https://ozarks.ca/wp-content/uploads/2024/05/dragonfly-stills-31-scaled.jpg
2024-08-17 12:30:16,777 ERROR Failed to retrieve https://ozarks.ca/wp-content/uploads/2024/05/dragonfly-stills-30-scaled.jpg: 404 Client Error: Not Found for url: https://ozarks.ca/wp-content/uploads/2024/05/dragonfly-stills-30-scaled.jpg
2024-08-17 12:30:17,841 ERROR Failed to retrieve https://ozarks.ca/wp-content/uploads/2024/05/dragonfly-9-scaled.jpg: 404 Client Error: Not Found for url: https://ozarks.ca/wp-content/uploads/2024/05/dragonfly-9-scaled.jpg
2024-08-17 12:30:18,923 ERROR Failed to retrieve https://ozarks.ca/wp-content/uploads/2024/05/dragonfly-4-scaled.jpg: 404 Client Error: Not Found for url: https://ozarks.ca/wp-content/uploads/2024/05/dragonfly-4-scaled.jpg
2024-08-17 12:30:20,082 ERROR Failed to retrieve https://ozarks.ca/wp-content/uploads/2024/05/dragonfly-stills-7-scaled.jpg: 404 Client Error: Not Found for url: https://ozarks.ca/wp-content/uploads/2024/05/dragonfly-stills-7-scaled.jpg
2024-08-17 12:30:21,268 ERROR Failed to retrieve https://ozarks.ca/wp-content/uploads/2024/05/dragonfly-stills-35-scaled.jpg: 404 Client Error: Not Found for url: https://ozarks.ca/wp-content/uploads/2024/05/dragonfly-stills-35-scaled.jpg
2024-08-17 12:30:22,363 ERROR Failed to retrieve https://ozarks.ca/wp-content/uploads/2024/05/dragonfly-12-scaled.jpg: 404 Client Error: Not Found for url: https://ozarks.ca/wp-content/uploads/2024/05/dragonfly-12-scaled.jpg
2024-08-17 12:30:23,462 ERROR Failed to retrieve https://ozarks.ca/wp-content/uploads/2024/05/dragonfly-exterior.jpg: 404 Client Error: Not Found for url: https://ozarks.ca/wp-content/uploads/2024/05/dragonfly-exterior.jpg
2024-08-17 12:30:24,566 ERROR Failed to retrieve https://ozarks.ca/wp-content/uploads/2024/05/dragonfly-tv.jpg: 404 Client Error: Not Found for url: https://ozarks.ca/wp-content/uploads/2024/05/dragonfly-tv.jpg
2024-08-17 12:30:25,631 ERROR Failed to retrieve https://ozarks.ca/wp-content/uploads/2024/05/dragonfly-stills-14-scaled.jpg: 404 Client Error: Not Found for url: https://ozarks.ca/wp-content/uploads/2024/05/dragonfly-stills-14-scaled.jpg
2024-08-17 12:44:09,562 ERROR Failed to retrieve https://www.sasqnet.com/sasqnet/blog.html: 404 Client Error: Not Found for url: https://www.sasqnet.com/sasqnet/blog.html
2024-08-17 12:44:13,760 ERROR Failed to retrieve https://www.sasqnet.com/case.html: 404 Client Error: Not Found for url: https://www.sasqnet.com/case.html
2024-08-17 12:44:15,916 ERROR Failed to retrieve https://www.sasqnet.com/terms-condition.html: 404 Client Error: Not Found for url: https://www.sasqnet.com/terms-condition.html
2024-08-17 12:44:16,223 ERROR Failed to retrieve https://www.sasqnet.com/sasqnet/terms-condition.html: 404 Client Error: Not Found for url: https://www.sasqnet.com/sasqnet/terms-condition.html
2024-08-17 12:44:18,422 ERROR Failed to retrieve https://www.sasqnet.com/blog.html: 404 Client Error: Not Found for url: https://www.sasqnet.com/blog.html
2024-08-17 12:44:22,526 ERROR Failed to retrieve https://www.sasqnet.com/contact.html: 404 Client Error: Not Found for url: https://www.sasqnet.com/contact.html
2024-08-17 12:44:24,680 ERROR Failed to retrieve https://www.sasqnet.com/sasqnet/privecy.html: 404 Client Error: Not Found for url: https://www.sasqnet.com/sasqnet/privecy.html
2024-08-17 12:44:24,991 ERROR Failed to retrieve https://www.sasqnet.com/sasqnet/www.sasqnet.com: 404 Client Error: Not Found for url: https://www.sasqnet.com/sasqnet/www.sasqnet.com
2024-08-17 12:44:25,336 ERROR Failed to retrieve https://www.sasqnet.com/sasqnet/case.html: 404 Client Error: Not Found for url: https://www.sasqnet.com/sasqnet/case.html
2024-08-17 12:44:29,132 ERROR Failed to retrieve https://www.sasqnet.com/privecy.html: 404 Client Error: Not Found for url: https://www.sasqnet.com/privecy.html
2024-08-17 12:44:34,912 ERROR Failed to retrieve https://www.sasqnet.com/info@sasqnet.com: 404 Client Error: Not Found for url: https://www.sasqnet.com/info@sasqnet.com
2024-08-17 12:44:35,232 ERROR Failed to retrieve https://www.sasqnet.com/members/blog.html: 404 Client Error: Not Found for url: https://www.sasqnet.com/members/blog.html
2024-08-17 12:44:37,382 ERROR Failed to retrieve https://www.sasqnet.com/design/sasqnet.com: 404 Client Error: Not Found for url: https://www.sasqnet.com/design/sasqnet.com
2024-08-17 12:44:41,381 ERROR Failed to retrieve https://www.sasqnet.com/members/www.sasqnet.com: 404 Client Error: Not Found for url: https://www.sasqnet.com/members/www.sasqnet.com
2024-08-17 12:44:41,690 ERROR Failed to retrieve https://www.sasqnet.com/members/terms-condition.html: 404 Client Error: Not Found for url: https://www.sasqnet.com/members/terms-condition.html
2024-08-17 12:44:43,802 ERROR Failed to retrieve https://www.sasqnet.com/sasqnet/contact.html: 404 Client Error: Not Found for url: https://www.sasqnet.com/sasqnet/contact.html
2024-08-17 12:44:49,616 ERROR Failed to retrieve https://www.sasqnet.com/members/privecy.html: 404 Client Error: Not Found for url: https://www.sasqnet.com/members/privecy.html
2024-08-17 12:44:49,931 ERROR Failed to retrieve https://www.sasqnet.com/members/case.html: 404 Client Error: Not Found for url: https://www.sasqnet.com/members/case.html
2024-08-17 12:44:53,960 ERROR Failed to retrieve https://www.sasqnet.com/index.html: 404 Client Error: Not Found for url: https://www.sasqnet.com/index.html
2024-08-17 12:44:54,260 ERROR Failed to retrieve https://www.sasqnet.com/design/portfolio_detail/assets/img/portfolio/single-project/project-1/project-1-3.jpg: 404 Client Error: Not Found for url: https://www.sasqnet.com/design/portfolio_detail/assets/img/portfolio/single-project/project-1/project-1-3.jpg
2024-08-17 12:44:54,580 ERROR Failed to retrieve https://www.sasqnet.com/members/solutions.html: 404 Client Error: Not Found for url: https://www.sasqnet.com/members/solutions.html
2024-08-17 12:44:54,893 ERROR Failed to retrieve https://www.sasqnet.com/sasqnet.com: 404 Client Error: Not Found for url: https://www.sasqnet.com/sasqnet.com
2024-08-17 12:44:58,792 ERROR Failed to retrieve https://www.sasqnet.com/members/contact.html: 404 Client Error: Not Found for url: https://www.sasqnet.com/members/contact.html
2024-08-17 12:44:59,109 ERROR Failed to retrieve https://www.sasqnet.com/sasqnet/index.html: 404 Client Error: Not Found for url: https://www.sasqnet.com/sasqnet/index.html
2024-08-17 12:44:59,429 ERROR Failed to retrieve https://www.sasqnet.com/solutions.html: 404 Client Error: Not Found for url: https://www.sasqnet.com/solutions.html
2024-08-17 12:45:00,137 ERROR Failed to retrieve https://www.sasqnet.com/design/portfolio_detail/assets/img/portfolio/single-project/project-1/project-1-4.jpg: 404 Client Error: Not Found for url: https://www.sasqnet.com/design/portfolio_detail/assets/img/portfolio/single-project/project-1/project-1-4.jpg
2024-08-17 12:45:00,436 ERROR Failed to retrieve https://www.sasqnet.com/www.sasqnet.com: 404 Client Error: Not Found for url: https://www.sasqnet.com/www.sasqnet.com
2024-08-17 12:45:01,166 ERROR Failed to retrieve https://www.sasqnet.com/sasqnet/solutions.html: 404 Client Error: Not Found for url: https://www.sasqnet.com/sasqnet/solutions.html
2024-08-17 12:45:01,498 ERROR Failed to retrieve https://www.sasqnet.com/design/portfolio_detail/assets/img/portfolio/single-project/project-1/project-1-2.jpg: 404 Client Error: Not Found for url: https://www.sasqnet.com/design/portfolio_detail/assets/img/portfolio/single-project/project-1/project-1-2.jpg
2024-08-17 12:45:02,137 ERROR Failed to retrieve https://www.sasqnet.com/design/portfolio_detail/sasqnet.com: 404 Client Error: Not Found for url: https://www.sasqnet.com/design/portfolio_detail/sasqnet.com
2024-08-17 12:45:02,448 ERROR Failed to retrieve https://www.sasqnet.com/members/index.html: 404 Client Error: Not Found for url: https://www.sasqnet.com/members/index.html
